[2020-10-19T22:02:45.377] [INFO] MAIN - 正在启动...
[2020-10-19T22:03:13.190] [INFO] MAIN - 正在启动...
[2020-10-19T22:04:21.977] [INFO] MAIN - 正在启动...
[2020-10-19T22:05:06.813] [INFO] MAIN - 正在启动...
[2020-10-19T22:06:19.976] [INFO] MAIN - 正在启动...
[2020-10-19T22:07:09.180] [INFO] MAIN - 正在启动...
[2020-10-19T22:07:47.864] [INFO] MAIN - 正在启动...
[2020-10-19T22:07:47.927] [INFO] MAIN - WebSocket连接成功，正在加载插件
[2020-10-19T22:07:48.039] [ERROR] Plugin - 插件进程退出, code: 1 , sign: null
[2020-10-19T22:07:48.087] [INFO] Plugin - 插件重启成功
[2020-10-19T22:07:48.158] [ERROR] Plugin - 插件进程退出, code: 1 , sign: null
[2020-10-19T22:07:48.200] [INFO] Plugin - 插件重启成功
[2020-10-19T22:07:48.281] [ERROR] Plugin - 插件进程退出, code: 1 , sign: null
[2020-10-19T22:07:48.318] [INFO] Plugin - 插件重启成功
[2020-10-19T22:07:48.388] [ERROR] Plugin - 插件进程退出, code: 1 , sign: null
[2020-10-19T22:07:48.430] [INFO] Plugin - 插件重启成功
[2020-10-19T22:07:48.512] [ERROR] Plugin - 插件进程退出, code: 1 , sign: null
[2020-10-19T22:07:48.550] [INFO] Plugin - 插件重启成功
[2020-10-19T22:07:48.620] [ERROR] Plugin - 插件进程退出, code: 1 , sign: null
[2020-10-19T22:07:48.666] [INFO] Plugin - 插件重启成功
[2020-10-19T22:07:48.740] [ERROR] Plugin - 插件进程退出, code: 1 , sign: null
[2020-10-19T22:07:48.794] [INFO] Plugin - 插件重启成功
[2020-10-19T22:07:48.895] [ERROR] Plugin - 插件进程退出, code: 1 , sign: null
[2020-10-19T22:07:48.946] [INFO] Plugin - 插件重启成功
[2020-10-19T22:07:49.019] [ERROR] Plugin - 插件进程退出, code: 1 , sign: null
[2020-10-19T22:07:49.062] [INFO] Plugin - 插件重启成功
[2020-10-19T22:07:49.135] [ERROR] Plugin - 插件进程退出, code: 1 , sign: null
[2020-10-19T22:07:49.173] [INFO] Plugin - 插件重启成功
[2020-10-19T22:07:49.245] [ERROR] Plugin - 插件进程退出, code: 1 , sign: null
[2020-10-19T22:07:49.287] [INFO] Plugin - 插件重启成功
[2020-10-19T22:07:49.368] [ERROR] Plugin - 插件进程退出, code: 1 , sign: null
[2020-10-19T22:07:49.406] [INFO] Plugin - 插件重启成功
[2020-10-19T22:07:49.486] [ERROR] Plugin - 插件进程退出, code: 1 , sign: null
[2020-10-19T22:07:49.524] [INFO] Plugin - 插件重启成功
[2020-10-19T22:07:49.597] [ERROR] Plugin - 插件进程退出, code: 1 , sign: null
[2020-10-19T22:07:49.635] [INFO] Plugin - 插件重启成功
[2020-10-19T22:08:26.425] [INFO] MAIN - 正在启动...
[2020-10-19T22:08:26.492] [INFO] MAIN - WebSocket连接成功，正在加载插件
[2020-10-19T22:08:26.609] [ERROR] Plugin - 插件进程退出, code: 1 , sign: null
[2020-10-19T22:08:26.647] [INFO] Plugin - 插件重启成功
[2020-10-19T22:08:26.721] [ERROR] Plugin - 插件进程退出, code: 1 , sign: null
[2020-10-19T22:08:26.770] [INFO] Plugin - 插件重启成功
[2020-10-19T22:08:26.852] [ERROR] Plugin - 插件进程退出, code: 1 , sign: null
[2020-10-19T22:08:26.891] [INFO] Plugin - 插件重启成功
[2020-10-19T22:08:26.964] [ERROR] Plugin - 插件进程退出, code: 1 , sign: null
[2020-10-19T22:08:27.009] [INFO] Plugin - 插件重启成功
[2020-10-19T22:08:27.092] [ERROR] Plugin - 插件进程退出, code: 1 , sign: null
[2020-10-19T22:08:27.130] [INFO] Plugin - 插件重启成功
[2020-10-19T22:08:27.200] [ERROR] Plugin - 插件进程退出, code: 1 , sign: null
[2020-10-19T22:08:27.242] [INFO] Plugin - 插件重启成功
[2020-10-19T22:08:27.324] [ERROR] Plugin - 插件进程退出, code: 1 , sign: null
[2020-10-19T22:08:27.361] [INFO] Plugin - 插件重启成功
[2020-10-19T22:08:27.443] [ERROR] Plugin - 插件进程退出, code: 1 , sign: null
[2020-10-19T22:08:27.484] [INFO] Plugin - 插件重启成功
[2020-10-19T22:08:27.569] [ERROR] Plugin - 插件进程退出, code: 1 , sign: null
[2020-10-19T22:08:27.617] [INFO] Plugin - 插件重启成功
[2020-10-19T22:08:27.689] [ERROR] Plugin - 插件进程退出, code: 1 , sign: null
[2020-10-19T22:08:27.730] [INFO] Plugin - 插件重启成功
[2020-10-19T22:08:27.799] [ERROR] Plugin - 插件进程退出, code: 1 , sign: null
[2020-10-19T22:08:27.841] [INFO] Plugin - 插件重启成功
[2020-10-19T22:08:27.912] [ERROR] Plugin - 插件进程退出, code: 1 , sign: null
[2020-10-19T22:08:27.955] [INFO] Plugin - 插件重启成功
[2020-10-19T22:08:28.029] [ERROR] Plugin - 插件进程退出, code: 1 , sign: null
[2020-10-19T22:08:28.072] [INFO] Plugin - 插件重启成功
[2020-10-19T22:08:40.222] [INFO] MAIN - 正在启动...
[2020-10-19T22:08:40.287] [INFO] MAIN - WebSocket连接成功，正在加载插件
[2020-10-19T22:08:40.396] [WARN] Plugin - 插件进程退出, code: 0 , sign: null
[2020-10-19T22:08:40.433] [INFO] Plugin - 插件重启成功
[2020-10-19T22:08:40.505] [WARN] Plugin - 插件进程退出, code: 0 , sign: null
[2020-10-19T22:08:40.541] [INFO] Plugin - 插件重启成功
[2020-10-19T22:08:40.613] [WARN] Plugin - 插件进程退出, code: 0 , sign: null
[2020-10-19T22:08:40.649] [INFO] Plugin - 插件重启成功
[2020-10-19T22:08:40.721] [WARN] Plugin - 插件进程退出, code: 0 , sign: null
[2020-10-19T22:08:40.758] [INFO] Plugin - 插件重启成功
[2020-10-19T22:08:40.829] [WARN] Plugin - 插件进程退出, code: 0 , sign: null
[2020-10-19T22:08:40.868] [INFO] Plugin - 插件重启成功
[2020-10-19T22:08:40.937] [WARN] Plugin - 插件进程退出, code: 0 , sign: null
[2020-10-19T22:08:40.976] [INFO] Plugin - 插件重启成功
[2020-10-19T22:08:41.047] [WARN] Plugin - 插件进程退出, code: 0 , sign: null
[2020-10-19T22:08:41.085] [INFO] Plugin - 插件重启成功
[2020-10-19T22:08:41.157] [WARN] Plugin - 插件进程退出, code: 0 , sign: null
[2020-10-19T22:08:41.195] [INFO] Plugin - 插件重启成功
[2020-10-19T22:08:41.269] [WARN] Plugin - 插件进程退出, code: 0 , sign: null
[2020-10-19T22:08:41.307] [INFO] Plugin - 插件重启成功
[2020-10-19T22:08:41.382] [WARN] Plugin - 插件进程退出, code: 0 , sign: null
[2020-10-19T22:08:41.420] [INFO] Plugin - 插件重启成功
[2020-10-19T22:08:41.495] [WARN] Plugin - 插件进程退出, code: 0 , sign: null
[2020-10-19T22:08:41.533] [INFO] Plugin - 插件重启成功
[2020-10-19T22:08:41.604] [WARN] Plugin - 插件进程退出, code: 0 , sign: null
[2020-10-19T22:08:41.642] [INFO] Plugin - 插件重启成功
[2020-10-19T22:08:41.715] [WARN] Plugin - 插件进程退出, code: 0 , sign: null
[2020-10-19T22:08:41.757] [INFO] Plugin - 插件重启成功
[2020-10-19T22:08:41.860] [WARN] Plugin - 插件进程退出, code: 0 , sign: null
[2020-10-19T22:08:41.904] [INFO] Plugin - 插件重启成功
[2020-10-19T22:08:41.981] [WARN] Plugin - 插件进程退出, code: 0 , sign: null
[2020-10-19T22:08:42.019] [INFO] Plugin - 插件重启成功
[2020-10-19T22:08:42.106] [WARN] Plugin - 插件进程退出, code: 0 , sign: null
[2020-10-19T22:08:42.157] [INFO] Plugin - 插件重启成功
[2020-10-19T22:08:42.248] [WARN] Plugin - 插件进程退出, code: 0 , sign: null
[2020-10-19T22:08:42.300] [INFO] Plugin - 插件重启成功
[2020-10-19T22:08:42.380] [WARN] Plugin - 插件进程退出, code: 0 , sign: null
[2020-10-19T22:08:42.424] [INFO] Plugin - 插件重启成功
[2020-10-19T22:08:42.513] [WARN] Plugin - 插件进程退出, code: 0 , sign: null
[2020-10-19T22:08:42.558] [INFO] Plugin - 插件重启成功
[2020-10-19T22:08:42.636] [WARN] Plugin - 插件进程退出, code: 0 , sign: null
[2020-10-19T22:08:42.679] [INFO] Plugin - 插件重启成功
[2020-10-19T22:08:42.765] [WARN] Plugin - 插件进程退出, code: 0 , sign: null
[2020-10-19T22:08:42.817] [INFO] Plugin - 插件重启成功
[2020-10-19T22:08:42.902] [WARN] Plugin - 插件进程退出, code: 0 , sign: null
[2020-10-19T22:08:42.951] [INFO] Plugin - 插件重启成功
[2020-10-19T22:08:43.040] [WARN] Plugin - 插件进程退出, code: 0 , sign: null
[2020-10-19T22:08:43.086] [INFO] Plugin - 插件重启成功
[2020-10-19T22:08:43.169] [WARN] Plugin - 插件进程退出, code: 0 , sign: null
[2020-10-19T22:08:43.214] [INFO] Plugin - 插件重启成功
[2020-10-19T22:08:43.294] [WARN] Plugin - 插件进程退出, code: 0 , sign: null
[2020-10-19T22:08:43.336] [INFO] Plugin - 插件重启成功
[2020-10-19T22:08:43.412] [WARN] Plugin - 插件进程退出, code: 0 , sign: null
[2020-10-19T22:08:43.456] [INFO] Plugin - 插件重启成功
[2020-10-19T22:08:43.539] [WARN] Plugin - 插件进程退出, code: 0 , sign: null
[2020-10-19T22:08:43.582] [INFO] Plugin - 插件重启成功
[2020-10-19T22:08:43.659] [WARN] Plugin - 插件进程退出, code: 0 , sign: null
[2020-10-19T22:08:43.698] [INFO] Plugin - 插件重启成功
[2020-10-19T22:08:43.772] [WARN] Plugin - 插件进程退出, code: 0 , sign: null
[2020-10-19T22:08:43.811] [INFO] Plugin - 插件重启成功
[2020-10-19T22:08:43.885] [WARN] Plugin - 插件进程退出, code: 0 , sign: null
[2020-10-19T22:08:43.928] [INFO] Plugin - 插件重启成功
[2020-10-19T22:08:44.003] [WARN] Plugin - 插件进程退出, code: 0 , sign: null
[2020-10-19T22:08:44.043] [INFO] Plugin - 插件重启成功
[2020-10-19T22:08:44.117] [WARN] Plugin - 插件进程退出, code: 0 , sign: null
[2020-10-19T22:08:44.159] [INFO] Plugin - 插件重启成功
[2020-10-19T22:08:44.232] [WARN] Plugin - 插件进程退出, code: 0 , sign: null
[2020-10-19T22:08:44.271] [INFO] Plugin - 插件重启成功
[2020-10-19T22:08:44.344] [WARN] Plugin - 插件进程退出, code: 0 , sign: null
[2020-10-19T22:08:44.386] [INFO] Plugin - 插件重启成功
[2020-10-19T22:08:44.458] [WARN] Plugin - 插件进程退出, code: 0 , sign: null
[2020-10-19T22:08:44.497] [INFO] Plugin - 插件重启成功
[2020-10-19T22:08:44.571] [WARN] Plugin - 插件进程退出, code: 0 , sign: null
[2020-10-19T22:08:44.610] [INFO] Plugin - 插件重启成功
[2020-10-19T22:08:44.702] [WARN] Plugin - 插件进程退出, code: 0 , sign: null
[2020-10-19T22:08:44.742] [INFO] Plugin - 插件重启成功
[2020-10-19T22:08:44.813] [WARN] Plugin - 插件进程退出, code: 0 , sign: null
[2020-10-19T22:08:44.850] [INFO] Plugin - 插件重启成功
[2020-10-19T22:08:44.926] [WARN] Plugin - 插件进程退出, code: 0 , sign: null
[2020-10-19T22:08:44.972] [INFO] Plugin - 插件重启成功
[2020-10-19T22:08:45.043] [WARN] Plugin - 插件进程退出, code: 0 , sign: null
[2020-10-19T22:08:45.081] [INFO] Plugin - 插件重启成功
[2020-10-19T22:08:45.153] [WARN] Plugin - 插件进程退出, code: 0 , sign: null
[2020-10-19T22:08:45.190] [INFO] Plugin - 插件重启成功
[2020-10-19T22:08:45.260] [WARN] Plugin - 插件进程退出, code: 0 , sign: null
[2020-10-19T22:08:45.296] [INFO] Plugin - 插件重启成功
[2020-10-19T22:08:45.366] [WARN] Plugin - 插件进程退出, code: 0 , sign: null
[2020-10-19T22:08:45.404] [INFO] Plugin - 插件重启成功
[2020-10-19T22:08:45.476] [WARN] Plugin - 插件进程退出, code: 0 , sign: null
[2020-10-19T22:08:45.515] [INFO] Plugin - 插件重启成功
